FrontEnd/app/build/intermediates/manifest_merge_blame_file/debug/manifest-merger-blame-debug-report.txt
1<?xml version="1.0" encoding="utf-8"?>
2<manifest xmlns:android="http://schemas.android.com/apk/res/android"
3    package="com.sourcey.cycheduleexample"
4    android:versionCode="1"
5    android:versionName="1.0" >
6
7    <uses-sdk
8        android:minSdkVersion="15"
8-->src\main\AndroidManifest.xml
9        android:targetSdkVersion="29" />
9-->src\main\AndroidManifest.xml
10
11    <uses-permission android:name="android.permission.INTERNET" />
11-->src\main\AndroidManifest.xml:5:5-67
11-->src\main\AndroidManifest.xml:5:22-64
12    <uses-permission android:name="android.permission.ACCESS_NETWORK_STATE" />
12-->src\main\AndroidManifest.xml:6:5-79
12-->src\main\AndroidManifest.xml:6:22-76
13
14    <application
14-->src\main\AndroidManifest.xml:8:5-30:19
15        android:allowBackup="true"
15-->src\main\AndroidManifest.xml:10:9-35
16        android:appComponentFactory="android.support.v4.app.CoreComponentFactory"
16-->[com.android.support:support-compat:28.0.0] AndroidManifest.xml:22:18-91
17        android:debuggable="true"
18        android:icon="@mipmap/ic_launcher"
18-->src\main\AndroidManifest.xml:11:9-43
19        android:label="@string/app_name"
19-->src\main\AndroidManifest.xml:12:9-41
20        android:theme="@style/AppTheme"
20-->src\main\AndroidManifest.xml:13:9-40
21        android:usesCleartextTraffic="true" >
21-->src\main\AndroidManifest.xml:9:9-44
22        <activity android:name="com.cs309.cychedule.activities.HomeActivity" />
22-->src\main\AndroidManifest.xml:14:9-70
22-->src\main\AndroidManifest.xml:14:19-58
23        <activity
23-->src\main\AndroidManifest.xml:15:9-23:20
24            android:name="com.cs309.cychedule.activities.WelcomeActivity"
24-->src\main\AndroidManifest.xml:16:13-55
25            android:label="@string/app_name" >
25-->src\main\AndroidManifest.xml:17:13-45
26            <intent-filter>
26-->src\main\AndroidManifest.xml:18:13-22:29
27                <action android:name="android.intent.action.MAIN" />
27-->src\main\AndroidManifest.xml:19:17-69
27-->src\main\AndroidManifest.xml:19:25-66
28
29                <category android:name="android.intent.category.LAUNCHER" />
29-->src\main\AndroidManifest.xml:21:17-77
29-->src\main\AndroidManifest.xml:21:27-74
30            </intent-filter>
31        </activity>
32        <activity
32-->src\main\AndroidManifest.xml:24:9-26:52
33            android:name="com.cs309.cychedule.activities.LoginActivity"
33-->src\main\AndroidManifest.xml:25:13-53
34            android:theme="@style/AppTheme.Dark" />
34-->src\main\AndroidManifest.xml:26:13-49
35        <activity
35-->src\main\AndroidManifest.xml:27:9-29:52
36            android:name="com.cs309.cychedule.activities.SignupActivity"
36-->src\main\AndroidManifest.xml:28:13-54
37            android:theme="@style/AppTheme.Dark" />
37-->src\main\AndroidManifest.xml:29:13-49
38    </application>
39
40</manifest>